0 info it worked if it ends with ok
1 verbose cli [ '/usr/local/bin/node',
1 verbose cli   '/usr/local/bin/npm',
1 verbose cli   'install',
1 verbose cli   'angularjs-seed' ]
2 info using npm@3.10.8
3 info using node@v6.9.1
4 silly loadCurrentTree Starting
5 silly install loadCurrentTree
6 silly install readLocalPackageData
7 silly fetchPackageMetaData angularjs-seed
8 silly fetchNamedPackageData angularjs-seed
9 silly mapToRegistry name angularjs-seed
10 silly mapToRegistry using default registry
11 silly mapToRegistry registry https://registry.npmjs.org/
12 silly mapToRegistry data Result {
12 silly mapToRegistry   raw: 'angularjs-seed',
12 silly mapToRegistry   scope: null,
12 silly mapToRegistry   escapedName: 'angularjs-seed',
12 silly mapToRegistry   name: 'angularjs-seed',
12 silly mapToRegistry   rawSpec: '',
12 silly mapToRegistry   spec: 'latest',
12 silly mapToRegistry   type: 'tag' }
13 silly mapToRegistry uri https://registry.npmjs.org/angularjs-seed
14 verbose request uri https://registry.npmjs.org/angularjs-seed
15 verbose request no auth needed
16 info attempt registry request try #1 at 12:40:53 PM
17 verbose request id b6edfa241c8aec3f
18 verbose etag W/"5272b694-3dc0"
19 verbose lastModified Thu, 31 Oct 2013 19:59:16 GMT
20 http request GET https://registry.npmjs.org/angularjs-seed
21 http 304 https://registry.npmjs.org/angularjs-seed
22 verbose headers { date: 'Tue, 13 Jun 2017 19:40:54 GMT',
22 verbose headers   via: '1.1 varnish',
22 verbose headers   'cache-control': 'max-age=300',
22 verbose headers   etag: 'W/"5272b694-3dc0"',
22 verbose headers   age: '81',
22 verbose headers   connection: 'close',
22 verbose headers   'x-served-by': 'cache-ord1728-ORD',
22 verbose headers   'x-cache': 'HIT',
22 verbose headers   'x-cache-hits': '1',
22 verbose headers   'x-timer': 'S1497382854.330777,VS0,VE1',
22 verbose headers   vary: 'Accept-Encoding' }
23 silly get cb [ 304,
23 silly get   { date: 'Tue, 13 Jun 2017 19:40:54 GMT',
23 silly get     via: '1.1 varnish',
23 silly get     'cache-control': 'max-age=300',
23 silly get     etag: 'W/"5272b694-3dc0"',
23 silly get     age: '81',
23 silly get     connection: 'close',
23 silly get     'x-served-by': 'cache-ord1728-ORD',
23 silly get     'x-cache': 'HIT',
23 silly get     'x-cache-hits': '1',
23 silly get     'x-timer': 'S1497382854.330777,VS0,VE1',
23 silly get     vary: 'Accept-Encoding' } ]
24 verbose etag https://registry.npmjs.org/angularjs-seed from cache
25 verbose get saving angularjs-seed to /Users/ajaynair/.npm/registry.npmjs.org/angularjs-seed/.cache.json
26 verbose correctMkdir /Users/ajaynair/.npm correctMkdir not in flight; initializing
27 silly install normalizeTree
28 silly loadCurrentTree Finishing
29 silly loadIdealTree Starting
30 silly install loadIdealTree
31 silly cloneCurrentTree Starting
32 silly install cloneCurrentTreeToIdealTree
33 silly cloneCurrentTree Finishing
34 silly loadShrinkwrap Starting
35 silly install loadShrinkwrap
36 silly loadShrinkwrap Finishing
37 silly loadAllDepsIntoIdealTree Starting
38 silly install loadAllDepsIntoIdealTree
39 silly resolveWithNewModule angularjs-seed@1.2.0 checking installable status
40 silly cache add args [ 'angularjs-seed', null ]
41 verbose cache add spec angularjs-seed
42 silly cache add parsed spec Result {
42 silly cache add   raw: 'angularjs-seed',
42 silly cache add   scope: null,
42 silly cache add   escapedName: 'angularjs-seed',
42 silly cache add   name: 'angularjs-seed',
42 silly cache add   rawSpec: '',
42 silly cache add   spec: 'latest',
42 silly cache add   type: 'tag' }
43 silly addNamed angularjs-seed@latest
44 verbose addNamed "latest" is being treated as a dist-tag for angularjs-seed
45 info addNameTag [ 'angularjs-seed', 'latest' ]
46 silly mapToRegistry name angularjs-seed
47 silly mapToRegistry using default registry
48 silly mapToRegistry registry https://registry.npmjs.org/
49 silly mapToRegistry data Result {
49 silly mapToRegistry   raw: 'angularjs-seed',
49 silly mapToRegistry   scope: null,
49 silly mapToRegistry   escapedName: 'angularjs-seed',
49 silly mapToRegistry   name: 'angularjs-seed',
49 silly mapToRegistry   rawSpec: '',
49 silly mapToRegistry   spec: 'latest',
49 silly mapToRegistry   type: 'tag' }
50 silly mapToRegistry uri https://registry.npmjs.org/angularjs-seed
51 verbose addNameTag registry:https://registry.npmjs.org/angularjs-seed not in flight; fetching
52 verbose get https://registry.npmjs.org/angularjs-seed not expired, no request
53 silly addNameTag next cb for angularjs-seed with tag latest
54 silly addNamed angularjs-seed@1.2.0
55 verbose addNamed "1.2.0" is a plain semver version for angularjs-seed
56 silly cache afterAdd angularjs-seed@1.2.0
57 verbose afterAdd /Users/ajaynair/.npm/angularjs-seed/1.2.0/package/package.json not in flight; writing
58 verbose correctMkdir /Users/ajaynair/.npm correctMkdir not in flight; initializing
59 verbose afterAdd /Users/ajaynair/.npm/angularjs-seed/1.2.0/package/package.json written
60 silly loadAllDepsIntoIdealTree Finishing
61 silly loadIdealTree Finishing
62 silly currentTree Angular Seed
62 silly currentTree └── angularjs-seed@1.2.0
63 silly idealTree Angular Seed
63 silly idealTree └── angularjs-seed@1.2.0
64 silly generateActionsToTake Starting
65 silly install generateActionsToTake
66 warn checkPermissions Missing write access to /Users/ajaynair/Desktop/FSMP/Code/Samples/Angular Seed/node_modules
67 silly rollbackFailedOptional Starting
68 silly rollbackFailedOptional Finishing
69 silly runTopLevelLifecycles Finishing
70 silly install printInstalled
71 warn enoent ENOENT: no such file or directory, open '/Users/ajaynair/Desktop/FSMP/Code/Samples/Angular Seed/package.json'
72 verbose enoent ENOENT: no such file or directory, open '/Users/ajaynair/Desktop/FSMP/Code/Samples/Angular Seed/package.json'
72 verbose enoent This is most likely not a problem with npm itself
72 verbose enoent and is related to npm not being able to find a file.
73 warn Angular Seed No description
74 verbose If you need help, you may report this error at:
74 verbose     <https://github.com/npm/npm/issues>
75 warn Angular Seed No repository field.
76 verbose If you need help, you may report this error at:
76 verbose     <https://github.com/npm/npm/issues>
77 warn Angular Seed No README data
78 verbose If you need help, you may report this error at:
78 verbose     <https://github.com/npm/npm/issues>
79 warn Angular Seed No license field.
80 verbose If you need help, you may report this error at:
80 verbose     <https://github.com/npm/npm/issues>
81 verbose stack Error: EACCES: permission denied, access '/Users/ajaynair/Desktop/FSMP/Code/Samples/Angular Seed/node_modules'
81 verbose stack     at Error (native)
82 verbose cwd /Users/ajaynair/Desktop/FSMP/Code/Samples/Angular Seed
83 error Darwin 15.6.0
84 error argv "/usr/local/bin/node" "/usr/local/bin/npm" "install" "angularjs-seed"
85 error node v6.9.1
86 error npm  v3.10.8
87 error path /Users/ajaynair/Desktop/FSMP/Code/Samples/Angular Seed/node_modules
88 error code EACCES
89 error errno -13
90 error syscall access
91 error Error: EACCES: permission denied, access '/Users/ajaynair/Desktop/FSMP/Code/Samples/Angular Seed/node_modules'
91 error     at Error (native)
91 error  { Error: EACCES: permission denied, access '/Users/ajaynair/Desktop/FSMP/Code/Samples/Angular Seed/node_modules'
91 error     at Error (native)
91 error   errno: -13,
91 error   code: 'EACCES',
91 error   syscall: 'access',
91 error   path: '/Users/ajaynair/Desktop/FSMP/Code/Samples/Angular Seed/node_modules' }
92 error Please try running this command again as root/Administrator.
93 verbose exit [ -13, true ]
